2025-06-20 14:41:46,915 INFO: ResolvIQ logging configured [in /app/app/utils/logger.py:45]
2025-06-20 14:41:46,954 INFO: ResolvIQ application started [in /app/app/__init__.py:20]
2025-06-20 14:41:47,082 INFO: ResolvIQ logging configured [in /app/app/utils/logger.py:45]
2025-06-20 14:41:47,089 INFO: ResolvIQ application started [in /app/app/__init__.py:20]
2025-06-20 14:43:28,827 INFO: ResolvIQ logging configured [in /app/app/utils/logger.py:45]
2025-06-20 14:43:28,841 INFO: ResolvIQ application started [in /app/app/__init__.py:20]
2025-06-20 14:43:28,952 INFO: ResolvIQ logging configured [in /app/app/utils/logger.py:45]
2025-06-20 14:43:28,961 INFO: ResolvIQ application started [in /app/app/__init__.py:20]
2025-06-20 14:45:05,053 INFO: ResolvIQ logging configured [in /app/app/utils/logger.py:45]
2025-06-20 14:45:05,064 INFO: ResolvIQ application started [in /app/app/__init__.py:20]
2025-06-20 14:45:05,159 INFO: ResolvIQ logging configured [in /app/app/utils/logger.py:45]
2025-06-20 14:45:05,167 INFO: ResolvIQ application started [in /app/app/__init__.py:20]
2025-06-20 14:45:16,139 WARNING: 404 error: http://localhost:1337/favicon.ico [in /app/app/utils/error_handlers.py:9]
2025-06-20 14:51:58,641 INFO: ResolvIQ logging configured [in /app/app/utils/logger.py:45]
2025-06-20 14:51:58,651 INFO: ResolvIQ application started [in /app/app/__init__.py:20]
2025-06-20 14:51:58,747 INFO: ResolvIQ logging configured [in /app/app/utils/logger.py:45]
2025-06-20 14:51:58,754 INFO: ResolvIQ application started [in /app/app/__init__.py:20]
2025-06-20 15:32:05,806 WARNING: 404 error: http://localhost:1337/.well-known/appspecific/com.chrome.devtools.json [in /app/app/utils/error_handlers.py:9]
2025-06-20 15:34:50,781 WARNING: 404 error: http://localhost:1337/.well-known/appspecific/com.chrome.devtools.json [in /app/app/utils/error_handlers.py:9]
2025-06-20 15:36:25,237 WARNING: 404 error: http://localhost:1337/.well-known/appspecific/com.chrome.devtools.json [in /app/app/utils/error_handlers.py:9]
2025-06-20 11:37:11,243 INFO: ResolvIQ logging configured [in /Users/dustin.liddick/personal_projects/resolviq/app/utils/logger.py:45]
2025-06-20 11:37:11,250 INFO: ResolvIQ application started [in /Users/dustin.liddick/personal_projects/resolviq/app/__init__.py:20]
2025-06-20 11:42:57,321 INFO: ResolvIQ logging configured [in /Users/dustin.liddick/personal_projects/resolviq/app/utils/logger.py:45]
2025-06-20 11:42:57,325 INFO: ResolvIQ application started [in /Users/dustin.liddick/personal_projects/resolviq/app/__init__.py:20]
2025-06-20 11:42:57,663 INFO: ResolvIQ logging configured [in /Users/dustin.liddick/personal_projects/resolviq/app/utils/logger.py:45]
2025-06-20 11:42:57,666 INFO: ResolvIQ application started [in /Users/dustin.liddick/personal_projects/resolviq/app/__init__.py:20]
2025-06-20 11:45:11,940 INFO: ResolvIQ logging configured [in /Users/dustin.liddick/personal_projects/resolviq/app/utils/logger.py:45]
2025-06-20 11:45:11,944 INFO: ResolvIQ application started [in /Users/dustin.liddick/personal_projects/resolviq/app/__init__.py:20]
2025-06-20 11:45:12,207 INFO: ResolvIQ logging configured [in /Users/dustin.liddick/personal_projects/resolviq/app/utils/logger.py:45]
2025-06-20 11:45:12,212 INFO: ResolvIQ application started [in /Users/dustin.liddick/personal_projects/resolviq/app/__init__.py:20]
